<?xml version="1.0" encoding="UTF-8"?>
<!-- Generated by org.testng.reporters.JUnitReportReporter -->
<testsuite hostname="BINTERNS-QA45L" failures="0" tests="28" name="dominos_testcase.Homepage_testcase" time="93.836" errors="1" timestamp="2023-05-02T17:20:41 IST" skipped="1">
  <testcase classname="dominos_testcase.Homepage_testcase" name="helogovisbility" time="0.019"/>
  <system-out/>
  <testcase classname="dominos_testcase.Homepage_testcase" name="fologovisbility1" time="0.028"/>
  <system-out/>
  <testcase classname="dominos_testcase.Homepage_testcase" name="alerthandle" time="3.353"/>
  <system-out/>
  <testcase classname="dominos_testcase.Homepage_testcase" name="HMmenuscount" time="0.052"/>
  <system-out/>
  <testcase classname="dominos_testcase.Homepage_testcase" name="EVERYDAY_VALUE_is_clickable" time="2.269"/>
  <system-out/>
  <testcase classname="dominos_testcase.Homepage_testcase" name="VEG_PIZZA_is_clickable" time="2.408"/>
  <system-out/>
  <testcase classname="dominos_testcase.Homepage_testcase" name="SIDES_is_clickable" time="3.061"/>
  <system-out/>
  <testcase classname="dominos_testcase.Homepage_testcase" name="DESSERT_is_clickable" time="2.683"/>
  <system-out/>
  <testcase classname="dominos_testcase.Homepage_testcase" name="PIZZA_MANIA_is_clickable" time="2.498"/>
  <system-out/>
  <testcase classname="dominos_testcase.Homepage_testcase" name="BEVERAGES_is_clickable" time="2.786"/>
  <system-out/>
  <testcase classname="dominos_testcase.Homepage_testcase" name="HMmenusname" time="2.190"/>
  <system-out/>
  <testcase classname="dominos_testcase.Homepage_testcase" name="MEALS_and_COMBOS_is_clickable" time="5.769"/>
  <system-out/>
  <testcase classname="dominos_testcase.Homepage_testcase" name="BESTSELLERS_is_clickable" time="2.296"/>
  <system-out/>
  <testcase classname="dominos_testcase.Homepage_testcase" name="SPECIALITY_CHICKEN_is_clickable" time="2.430"/>
  <system-out/>
  <testcase classname="dominos_testcase.Homepage_testcase" name="PARTY_COMBOS_is_clickable" time="2.636"/>
  <system-out/>
  <testcase classname="dominos_testcase.Homepage_testcase" name="NEW_LAUNCHES_is_clickable" time="2.484"/>
  <system-out/>
  <testcase classname="dominos_testcase.Homepage_testcase" name="selectingcityinpickupdeleivery" time="3.767"/>
  <system-out/>
  <testcase classname="dominos_testcase.Homepage_testcase" name="proceedvisibility" time="23.046">
    <error message="Unable to locate element: //button//span[text()=&#039;Proceed&#039;]
For documentation on this error, please visit: https://selenium.dev/exceptions/#no_such_element
Build info: version: &#039;4.8.1&#039;, revision: &#039;8ebccac989&#039;
System info: os.name: &#039;Windows 10&#039;, os.arch: &#039;amd64&#039;, os.version: &#039;10.0&#039;, java.version: &#039;17.0.5&#039;
Driver info: org.openqa.selenium.firefox.FirefoxDriver
Command: [7fdb908a-d48e-4a91-b7f5-b216641bc4ec, findElement {using=xpath, value=//button//span[text()=&#039;Proceed&#039;]}]
Capabilities {acceptInsecureCerts: true, browserName: firefox, browserVersion: 112.0.1, moz:accessibilityChecks: false, moz:buildID: 20230414125621, moz:debuggerAddress: 127.0.0.1:13229, moz:geckodriverVersion: 0.33.0, moz:headless: false, moz:platformVersion: 10.0, moz:processID: 31964, moz:profile: C:\Users\bpsingh\AppData\Lo..., moz:shutdownTimeout: 60000, moz:useNonSpecCompliantPointerOrigin: false, moz:webdriverClick: true, moz:windowless: false, pageLoadStrategy: normal, platformName: WINDOWS, proxy: Proxy(), se:cdp: ws://127.0.0.1:13229/devtoo..., se:cdpVersion: 85.0, setWindowRect: true, strictFileInteractability: false, timeouts: {implicit: 0, pageLoad: 300000, script: 30000}, unhandledPromptBehavior: dismiss and notify}
Session ID: 7fdb908a-d48e-4a91-b7f5-b216641bc4ec" type="org.openqa.selenium.NoSuchElementException">
      <![CDATA[org.openqa.selenium.NoSuchElementException: Unable to locate element: //button//span[text()='Proceed']
For documentation on this error, please visit: https://selenium.dev/exceptions/#no_such_element
Build info: version: '4.8.1', revision: '8ebccac989'
System info: os.name: 'Windows 10', os.arch: 'amd64', os.version: '10.0', java.version: '17.0.5'
Driver info: org.openqa.selenium.firefox.FirefoxDriver
Command: [7fdb908a-d48e-4a91-b7f5-b216641bc4ec, findElement {using=xpath, value=//button//span[text()='Proceed']}]
Capabilities {acceptInsecureCerts: true, browserName: firefox, browserVersion: 112.0.1, moz:accessibilityChecks: false, moz:buildID: 20230414125621, moz:debuggerAddress: 127.0.0.1:13229, moz:geckodriverVersion: 0.33.0, moz:headless: false, moz:platformVersion: 10.0, moz:processID: 31964, moz:profile: C:\Users\bpsingh\AppData\Lo..., moz:shutdownTimeout: 60000, moz:useNonSpecCompliantPointerOrigin: false, moz:webdriverClick: true, moz:windowless: false, pageLoadStrategy: normal, platformName: WINDOWS, proxy: Proxy(), se:cdp: ws://127.0.0.1:13229/devtoo..., se:cdpVersion: 85.0, setWindowRect: true, strictFileInteractability: false, timeouts: {implicit: 0, pageLoad: 300000, script: 30000}, unhandledPromptBehavior: dismiss and notify}
Session ID: 7fdb908a-d48e-4a91-b7f5-b216641bc4ec
at java.base/jdk.internal.reflect.NativeConstructorAccessorImpl.newInstance0(Native Method)
at java.base/jdk.internal.reflect.NativeConstructorAccessorImpl.newInstance(NativeConstructorAccessorImpl.java:77)
at java.base/jdk.internal.reflect.DelegatingConstructorAccessorImpl.newInstance(DelegatingConstructorAccessorImpl.java:45)
at java.base/java.lang.reflect.Constructor.newInstanceWithCaller(Constructor.java:499)
at java.base/java.lang.reflect.Constructor.newInstance(Constructor.java:480)
at org.openqa.selenium.remote.codec.w3c.W3CHttpResponseCodec.createException(W3CHttpResponseCodec.java:200)
at org.openqa.selenium.remote.codec.w3c.W3CHttpResponseCodec.decode(W3CHttpResponseCodec.java:133)
at org.openqa.selenium.remote.codec.w3c.W3CHttpResponseCodec.decode(W3CHttpResponseCodec.java:53)
at org.openqa.selenium.remote.HttpCommandExecutor.execute(HttpCommandExecutor.java:184)
at org.openqa.selenium.remote.service.DriverCommandExecutor.invokeExecute(DriverCommandExecutor.java:167)
at org.openqa.selenium.remote.service.DriverCommandExecutor.execute(DriverCommandExecutor.java:142)
at org.openqa.selenium.remote.RemoteWebDriver.execute(RemoteWebDriver.java:543)
at org.openqa.selenium.remote.ElementLocation$ElementFinder$2.findElement(ElementLocation.java:162)
at org.openqa.selenium.remote.ElementLocation.findElement(ElementLocation.java:60)
at org.openqa.selenium.remote.RemoteWebDriver.findElement(RemoteWebDriver.java:352)
at org.openqa.selenium.remote.RemoteWebDriver.findElement(RemoteWebDriver.java:344)
at org.openqa.selenium.support.pagefactory.DefaultElementLocator.findElement(DefaultElementLocator.java:70)
at org.openqa.selenium.support.pagefactory.internal.LocatingElementHandler.invoke(LocatingElementHandler.java:39)
at jdk.proxy2/jdk.proxy2.$Proxy15.isDisplayed(Unknown Source)
at dominos_testcase.Homepage_testcase.proceedvisibility(Homepage_testcase.java:173)
at java.base/jdk.internal.reflect.NativeMethodAccessorImpl.invoke0(Native Method)
at java.base/jdk.internal.reflect.NativeMethodAccessorImpl.invoke(NativeMethodAccessorImpl.java:77)
at java.base/jdk.internal.reflect.DelegatingMethodAccessorImpl.invoke(DelegatingMethodAccessorImpl.java:43)
at java.base/java.lang.reflect.Method.invoke(Method.java:568)
at org.testng.internal.invokers.MethodInvocationHelper.invokeMethod(MethodInvocationHelper.java:139)
at org.testng.internal.invokers.TestInvoker.invokeMethod(TestInvoker.java:677)
at org.testng.internal.invokers.TestInvoker.invokeTestMethod(TestInvoker.java:221)
at org.testng.internal.invokers.MethodRunner.runInSequence(MethodRunner.java:50)
at org.testng.internal.invokers.TestInvoker$MethodInvocationAgent.invoke(TestInvoker.java:969)
at org.testng.internal.invokers.TestInvoker.invokeTestMethods(TestInvoker.java:194)
at org.testng.internal.invokers.TestMethodWorker.invokeTestMethods(TestMethodWorker.java:148)
at org.testng.internal.invokers.TestMethodWorker.run(TestMethodWorker.java:128)
at java.base/java.util.ArrayList.forEach(ArrayList.java:1511)
at org.testng.TestRunner.privateRun(TestRunner.java:829)
at org.testng.TestRunner.run(TestRunner.java:602)
at org.testng.SuiteRunner.runTest(SuiteRunner.java:437)
at org.testng.SuiteRunner.runSequentially(SuiteRunner.java:431)
at org.testng.SuiteRunner.privateRun(SuiteRunner.java:391)
at org.testng.SuiteRunner.run(SuiteRunner.java:330)
at org.testng.SuiteRunnerWorker.runSuite(SuiteRunnerWorker.java:52)
at org.testng.SuiteRunnerWorker.run(SuiteRunnerWorker.java:95)
at org.testng.TestNG.runSuitesSequentially(TestNG.java:1256)
at org.testng.TestNG.runSuitesLocally(TestNG.java:1176)
at org.testng.TestNG.runSuites(TestNG.java:1099)
at org.testng.TestNG.run(TestNG.java:1067)
at org.testng.remote.AbstractRemoteTestNG.run(AbstractRemoteTestNG.java:115)
at org.testng.remote.RemoteTestNG.initAndRun(RemoteTestNG.java:251)
at org.testng.remote.RemoteTestNG.main(RemoteTestNG.java:77)
]]>
    </error>
  </testcase> <!-- proceedvisibility -->
  <system-out/>
  <testcase classname="dominos_testcase.Homepage_testcase" name="operationonsearchbox" time="2.232"/>
  <system-out/>
  <testcase classname="dominos_testcase.Homepage_testcase" name="enterareafieldvisible" time="0.023"/>
  <system-out/>
  <testcase classname="dominos_testcase.Homepage_testcase" name="operationonsearchlist" time="4.814"/>
  <system-out/>
  <testcase classname="dominos_testcase.Homepage_testcase" name="clickondeleveryradio" time="4.318"/>
  <system-out/>
  <testcase classname="dominos_testcase.Homepage_testcase" name="locatevisible" time="0.022"/>
  <system-out/>
  <testcase classname="dominos_testcase.Homepage_testcase" name="clickpickradiobutton" time="7.449"/>
  <system-out/>
  <testcase classname="dominos_testcase.Homepage_testcase" name="clickingonproceed" time="2.587"/>
  <system-out/>
  <testcase classname="dominos_testcase.Homepage_testcase" name="selectingstoreinboxbysearching" time="5.879"/>
  <system-out/>
  <testcase classname="dominos_testcase.Homepage_testcase" name="clickchatframes" time="2.737"/>
  <system-out/>
  <testcase classname="dominos_testcase.Homepage_testcase" name="NON_VEG_PIZZA_is_clickable">
    <skipped/>
  </testcase> <!-- NON_VEG_PIZZA_is_clickable -->
  <system-out/>
</testsuite> <!-- dominos_testcase.Homepage_testcase -->
