<?xml version="1.0" encoding="UTF-8"?>
<!-- Generated by org.testng.reporters.JUnitReportReporter -->
<testsuite hostname="BINTERNS-QA45L" failures="0" tests="23" name="dominos_testcase.Add_to_cart_testcase" time="138.933" errors="1" timestamp="2023-05-02T12:40:57 IST" skipped="1">
  <testcase classname="dominos_testcase.Add_to_cart_testcase" name="alerthandle" time="3.301"/>
  <system-out/>
  <testcase classname="dominos_testcase.Add_to_cart_testcase" name="clickonpizza" time="4.822"/>
  <system-out/>
  <testcase classname="dominos_testcase.Add_to_cart_testcase" name="likethepizza" time="4.329"/>
  <system-out/>
  <testcase classname="dominos_testcase.Add_to_cart_testcase" name="cheeseadd" time="4.298"/>
  <system-out/>
  <testcase classname="dominos_testcase.Add_to_cart_testcase" name="adtop" time="8.404"/>
  <system-out/>
  <testcase classname="dominos_testcase.Add_to_cart_testcase" name="badapizzalarg" time="4.288"/>
  <system-out/>
  <testcase classname="dominos_testcase.Add_to_cart_testcase" name="adnonvetop" time="8.417"/>
  <system-out/>
  <testcase classname="dominos_testcase.Add_to_cart_testcase" name="adtocartvis" time="0.018"/>
  <system-out/>
  <testcase classname="dominos_testcase.Add_to_cart_testcase" name="clickadd" time="7.648"/>
  <system-out/>
  <testcase classname="dominos_testcase.Add_to_cart_testcase" name="clickonpizza1" time="7.666"/>
  <system-out/>
  <testcase classname="dominos_testcase.Add_to_cart_testcase" name="adtop1" time="8.471"/>
  <system-out/>
  <testcase classname="dominos_testcase.Add_to_cart_testcase" name="clickadd2" time="7.521"/>
  <system-out/>
  <testcase classname="dominos_testcase.Add_to_cart_testcase" name="clickadd1" time="7.536"/>
  <system-out/>
  <testcase classname="dominos_testcase.Add_to_cart_testcase" name="clickonpizza2" time="7.517"/>
  <system-out/>
  <testcase classname="dominos_testcase.Add_to_cart_testcase" name="adtop2" time="8.474"/>
  <system-out/>
  <testcase classname="dominos_testcase.Add_to_cart_testcase" name="checkoutcli" time="3.433"/>
  <system-out/>
  <testcase classname="dominos_testcase.Add_to_cart_testcase" name="chceckoutvisi" time="3.030"/>
  <system-out/>
  <testcase classname="dominos_testcase.Add_to_cart_testcase" name="numbersofitemadds" time="3.037"/>
  <system-out/>
  <testcase classname="dominos_testcase.Add_to_cart_testcase" name="mealadd" time="24.023">
    <error message="Index 0 out of bounds for length 0" type="java.lang.IndexOutOfBoundsException">
      <![CDATA[java.lang.IndexOutOfBoundsException: Index 0 out of bounds for length 0
at java.base/jdk.internal.util.Preconditions.outOfBounds(Preconditions.java:64)
at java.base/jdk.internal.util.Preconditions.outOfBoundsCheckIndex(Preconditions.java:70)
at java.base/jdk.internal.util.Preconditions.checkIndex(Preconditions.java:266)
at java.base/java.util.Objects.checkIndex(Objects.java:359)
at java.base/java.util.ArrayList.get(ArrayList.java:427)
at java.base/jdk.internal.reflect.GeneratedMethodAccessor1.invoke(Unknown Source)
at java.base/jdk.internal.reflect.DelegatingMethodAccessorImpl.invoke(DelegatingMethodAccessorImpl.java:43)
at java.base/java.lang.reflect.Method.invoke(Method.java:568)
at org.openqa.selenium.support.pagefactory.internal.LocatingElementListHandler.invoke(LocatingElementListHandler.java:40)
at jdk.proxy2/jdk.proxy2.$Proxy15.get(Unknown Source)
at dominos_actions.Add_tocart_pizza_actions.a_addwithmeal(Add_tocart_pizza_actions.java:67)
at dominos_testcase.Add_to_cart_testcase.mealadd(Add_to_cart_testcase.java:134)
at java.base/jdk.internal.reflect.NativeMethodAccessorImpl.invoke0(Native Method)
at java.base/jdk.internal.reflect.NativeMethodAccessorImpl.invoke(NativeMethodAccessorImpl.java:77)
at java.base/jdk.internal.reflect.DelegatingMethodAccessorImpl.invoke(DelegatingMethodAccessorImpl.java:43)
at java.base/java.lang.reflect.Method.invoke(Method.java:568)
at org.testng.internal.invokers.MethodInvocationHelper.invokeMethod(MethodInvocationHelper.java:139)
at org.testng.internal.invokers.TestInvoker.invokeMethod(TestInvoker.java:677)
at org.testng.internal.invokers.TestInvoker.invokeTestMethod(TestInvoker.java:221)
at org.testng.internal.invokers.MethodRunner.runInSequence(MethodRunner.java:50)
at org.testng.internal.invokers.TestInvoker$MethodInvocationAgent.invoke(TestInvoker.java:969)
at org.testng.internal.invokers.TestInvoker.invokeTestMethods(TestInvoker.java:194)
at org.testng.internal.invokers.TestMethodWorker.invokeTestMethods(TestMethodWorker.java:148)
at org.testng.internal.invokers.TestMethodWorker.run(TestMethodWorker.java:128)
at java.base/java.util.ArrayList.forEach(ArrayList.java:1511)
at org.testng.TestRunner.privateRun(TestRunner.java:829)
at org.testng.TestRunner.run(TestRunner.java:602)
at org.testng.SuiteRunner.runTest(SuiteRunner.java:437)
at org.testng.SuiteRunner.runSequentially(SuiteRunner.java:431)
at org.testng.SuiteRunner.privateRun(SuiteRunner.java:391)
at org.testng.SuiteRunner.run(SuiteRunner.java:330)
at org.testng.SuiteRunnerWorker.runSuite(SuiteRunnerWorker.java:52)
at org.testng.SuiteRunnerWorker.run(SuiteRunnerWorker.java:95)
at org.testng.TestNG.runSuitesSequentially(TestNG.java:1256)
at org.testng.TestNG.runSuitesLocally(TestNG.java:1176)
at org.testng.TestNG.runSuites(TestNG.java:1099)
at org.testng.TestNG.run(TestNG.java:1067)
at org.testng.remote.AbstractRemoteTestNG.run(AbstractRemoteTestNG.java:115)
at org.testng.remote.RemoteTestNG.initAndRun(RemoteTestNG.java:251)
at org.testng.remote.RemoteTestNG.main(RemoteTestNG.java:77)
]]>
    </error>
  </testcase> <!-- mealadd -->
  <system-out/>
  <testcase classname="dominos_testcase.Add_to_cart_testcase" name="numbersofitemadds1" time="0.000">
    <skipped/>
  </testcase> <!-- numbersofitemadds1 -->
  <system-out/>
  <testcase classname="dominos_testcase.Add_to_cart_testcase" name="odervisibility" time="3.036"/>
  <system-out/>
  <testcase classname="dominos_testcase.Add_to_cart_testcase" name="increaseqquantity2" time="6.627"/>
  <system-out/>
  <testcase classname="dominos_testcase.Add_to_cart_testcase" name="getbilldetail" time="3.037"/>
  <system-out/>
</testsuite> <!-- dominos_testcase.Add_to_cart_testcase -->
